<?xml version="1.0" encoding="UTF-8"?>
<testsuite name="code.CalculatorTest" tests="8" skipped="1" failures="0" errors="0" timestamp="2023-02-16T10:38:16" hostname="DESKTOP-BLH904A" time="0.335">
  <properties/>
  <testcase name="subtract()" classname="code.CalculatorTest" time="0.244"/>
  <testcase name="[1] [5, 2, 3]" classname="code.CalculatorTest" time="0.036"/>
  <testcase name="[2] [8, 3, 5]" classname="code.CalculatorTest" time="0.004"/>
  <testcase name="[3] [9, 2, 7]" classname="code.CalculatorTest" time="0.004"/>
  <testcase name="divide()" classname="code.CalculatorTest" time="0.001"/>
  <testcase name="Testing method wich tests adding behaviour" classname="code.CalculatorTest" time="0.002"/>
  <testcase name="multiply()" classname="code.CalculatorTest" time="0.001"/>
  <testcase name="assertionsTest()" classname="code.CalculatorTest" time="0.001">
    <skipped/>
  </testcase>
  <system-out><![CDATA[Before ALL
Before each!
subtract
After each!
Before each!
add
11:38:16.618 [Test worker] INFO  code.Calculator add: 11 - some info message
11:38:16.622 [Test worker] WARN  code.Calculator add: 12 - some warn message
11:38:16.623 [Test worker] ERROR code.Calculator add: 13 - some error message
After each!
Before each!
add
11:38:16.631 [Test worker] INFO  code.Calculator add: 11 - some info message
11:38:16.631 [Test worker] WARN  code.Calculator add: 12 - some warn message
11:38:16.632 [Test worker] ERROR code.Calculator add: 13 - some error message
After each!
Before each!
add
11:38:16.636 [Test worker] INFO  code.Calculator add: 11 - some info message
11:38:16.637 [Test worker] WARN  code.Calculator add: 12 - some warn message
11:38:16.637 [Test worker] ERROR code.Calculator add: 13 - some error message
After each!
Before each!
divide
After each!
Before each!
add
11:38:16.642 [Test worker] INFO  code.Calculator add: 11 - some info message
11:38:16.643 [Test worker] WARN  code.Calculator add: 12 - some warn message
11:38:16.643 [Test worker] ERROR code.Calculator add: 13 - some error message
After each!
Before each!
multiply
After each!
After ALL
]]></system-out>
  <system-err><![CDATA[]]></system-err>
</testsuite>
